[2026-04-22 18:10:59] 写入 D:\trae\AI Daily report\reports\market_lc.json
共 14 个合约
  碳酸锂2704: 176540.0 (+2.22%)
  碳酸锂2701: 174600.0 (+0.54%)
  碳酸锂2606: 172300.0 (+0.54%)
  碳酸锂2611: 174400.0 (+0.35%)
  碳酸锂次主连: 173020.0 (+0.25%)
[mysteel] 正在抓取: https://www.mysteel.com/hot/1486628.html
[mysteel] 解析到 25 个数据项
  [0] 碳酸锂: 174750 | 3950.00 | 2.31% | up
  [1] 磷酸铁锂: 59200 | 0.00 | 0.00% | stable
  [2] 金属锂: 600000 | 0.00 | 0.00% | stable
  [3] 硫酸镍: 31100 | 0.00 | 0.00% | stable
  [4] 三元材料: 120000 | 2000.00 | 1.69% | up
  [5] 三元前驱体: 92000 | 0.00 | 0.00% | stable
  [6] 多晶硅: 34 | 0.00 | 0.00% | stable
  [7] 电池片: 0.62 | 0.00 | 0% | stable
  [8] 锂电池废料: 28690 | 0.00 | 0.00% | stable
  [9] 锂电池负极片: 21550 | 0.00 | 0.00% | stable

[mysteel] 数据已写入: D:\trae\AI Daily report\reports\market_lfp.json
[mysteel] 更新时间: 2026-04-22 18:11:07
  ★ 磷酸铁锂: 59200.0 元/吨 | 0.0%
  ★ 磷酸铁: 12700.0 元/吨 | 0.0%
  ★ 碳酸锂: 174750.0 元/吨 | +2.31%
  ★ 三元材料: 120000.0 元/吨 | +1.69%
  ★ 硫酸镍: 31100.0 元/吨 | 0.0%
